<?xml version="1.0" encoding="UTF-8"?>
<testsuite xmlns:xsi="http://www.w3.org/2001/XMLSchema-instance" xsi:noNamespaceSchemaLocation="https://maven.apache.org/surefire/maven-surefire-plugin/xsd/surefire-test-report.xsd" version="3.0.2" name="com.letsplay.api.dto.DtoMapperTest" time="0.115" tests="7" errors="0" skipped="0" failures="0">
  <properties>
[...]
</properties>
  <testcase name="testToProductDTOWithOwner" classname="com.letsplay.api.dto.DtoMapperTest" time="0.037"/>
  <testcase name="testToProduct" classname="com.letsplay.api.dto.DtoMapperTest" time="0.004"/>
  <testcase name="testToUserDTO_null" classname="com.letsplay.api.dto.DtoMapperTest" time="0.005"/>
  <testcase name="testUpdateProductFromRequest" classname="com.letsplay.api.dto.DtoMapperTest" time="0.005"/>
  <testcase name="testUpdateUserFromRequest" classname="com.letsplay.api.dto.DtoMapperTest" time="0.015"/>
  <testcase name="testToUserDTO_excludesPassword" classname="com.letsplay.api.dto.DtoMapperTest" time="0.005"/>
  <testcase name="testToProductDTO" classname="com.letsplay.api.dto.DtoMapperTest" time="0.023"/>
</testsuite>